<?xml version="1.0" encoding="UTF-8"?>
<testng-results ignored="0" total="1" passed="1" failed="0" skipped="0">
  <reporter-output>
  </reporter-output>
  <suite started-at="2023-02-01T11:03:40 IST" name="Default suite" finished-at="2023-02-01T11:04:36 IST" duration-ms="56409">
    <groups>
    </groups>
    <test started-at="2023-02-01T11:03:40 IST" name="Default test" finished-at="2023-02-01T11:04:36 IST" duration-ms="56409">
      <class name="com.mohs10.scripts.HomeTest">
        <test-method is-config="true" signature="generateReport()[pri:0, instance:com.mohs10.scripts.HomeTest@5a56cdac]" started-at="2023-02-01T11:03:40 IST" name="generateReport" finished-at="2023-02-01T11:03:41 IST" duration-ms="712" status="PASS">
          <reporter-output>
          </reporter-output>
        </test-method> <!-- generateReport -->
        <test-method is-config="true" signature="beforeClass()[pri:0, instance:com.mohs10.scripts.HomeTest@5a56cdac]" started-at="2023-02-01T11:03:41 IST" name="beforeClass" finished-at="2023-02-01T11:03:51 IST" duration-ms="10320" status="PASS">
          <reporter-output>
          </reporter-output>
        </test-method> <!-- beforeClass -->
        <test-method is-config="true" signature="methodName(java.lang.reflect.Method)[pri:0, instance:com.mohs10.scripts.HomeTest@5a56cdac]" started-at="2023-02-01T11:03:51 IST" name="methodName" finished-at="2023-02-01T11:03:51 IST" duration-ms="101" status="PASS">
          <params>
            <param index="0">
              <value>
                <![CDATA[public void com.mohs10.scripts.HomeTest.LoginTestCase() throws java.lang.Exception]]>
              </value>
            </param>
          </params>
          <reporter-output>
          </reporter-output>
        </test-method> <!-- methodName -->
        <test-method signature="LoginTestCase()[pri:0, instance:com.mohs10.scripts.HomeTest@5a56cdac]" started-at="2023-02-01T11:03:51 IST" name="LoginTestCase" finished-at="2023-02-01T11:04:35 IST" duration-ms="44381" status="PASS">
          <reporter-output>
          </reporter-output>
        </test-method> <!-- LoginTestCase -->
        <test-method is-config="true" signature="afterClass()[pri:0, instance:com.mohs10.scripts.HomeTest@5a56cdac]" started-at="2023-02-01T11:04:35 IST" name="afterClass" finished-at="2023-02-01T11:04:36 IST" duration-ms="839" status="PASS">
          <reporter-output>
          </reporter-output>
        </test-method> <!-- afterClass -->
      </class> <!-- com.mohs10.scripts.HomeTest -->
    </test> <!-- Default test -->
  </suite> <!-- Default suite -->
</testng-results>
